<?xml version="1.0" encoding="UTF-8"?>
<!-- Generated by org.testng.reporters.JUnitReportReporter -->
<testsuite hostname="LAPTOP-VS0IFS5D" failures="0" tests="2" name="seleniumphp.SeleniumGridTest" time="9.661" errors="0" timestamp="2021-02-23T14:59:42 EST" skipped="0">
  <testcase classname="seleniumphp.SeleniumGridTest" name="webappTitleTest" time="4.892"/>
  <system-out/>
  <testcase classname="seleniumphp.SeleniumGridTest" name="webappTitleTest" time="4.769"/>
  <system-out/>
</testsuite> <!-- seleniumphp.SeleniumGridTest -->
